<?xml version="1.0" encoding="UTF-8"?>
<!-- Generated by org.testng.reporters.JUnitReportReporter -->
<testsuite hostname="Aidans-MacBook-Pro.local" name="testNG.TestnG_DataProviders" tests="3" failures="0" timestamp="15 Apr 2018 17:39:04 GMT" time="0.001" errors="0">
  <testcase name="testMethod" time="0.000" classname="testNG.TestnG_DataProviders"/>
  <testcase name="testMethod" time="0.000" classname="testNG.TestnG_DataProviders"/>
  <testcase name="testMethod" time="0.001" classname="testNG.TestnG_DataProviders"/>
</testsuite> <!-- testNG.TestnG_DataProviders -->
