<?xml version="1.0" encoding="UTF-8"?>
<!-- Generated by org.testng.reporters.JUnitReportReporter -->
<testsuite hostname="Aidans-MacBook-Pro.local" name="testNG.TestnG_ListenersTest2" tests="2" failures="0" timestamp="15 Apr 2018 18:03:03 GMT" time="0.000" errors="0">
  <testcase name="testMethod2" time="0.000" classname="testNG.TestnG_ListenersTest2"/>
  <testcase name="testMethod1" time="0.000" classname="testNG.TestnG_ListenersTest2"/>
</testsuite> <!-- testNG.TestnG_ListenersTest2 -->
