<?xml version="1.0" encoding="UTF-8"?>
<!-- Generated by org.testng.reporters.JUnitReportReporter -->
<testsuite hostname="Aidans-MacBook-Pro.local" name="testNG.TestnG_Demo" tests="3" failures="0" timestamp="15 Apr 2018 17:39:04 GMT" time="0.001" errors="0">
  <testcase name="testAddString" time="0.001" classname="testNG.TestnG_Demo"/>
  <testcase name="testAddNumber" time="0.000" classname="testNG.TestnG_Demo"/>
  <testcase name="testGetArray" time="0.000" classname="testNG.TestnG_Demo"/>
</testsuite> <!-- testNG.TestnG_Demo -->
