<?xml version="1.0" encoding="UTF-8"?>
<!-- Generated by org.testng.reporters.JUnitReportReporter -->
<testsuite hostname="Aidans-MacBook-Pro.local" name="testNG.TestnG_TestAttributes" tests="5" failures="0" timestamp="15 Apr 2018 17:39:04 GMT" time="0.305" errors="0">
  <testcase name="test10" time="0.000" classname="testNG.TestnG_TestAttributes"/>
  <testcase name="setUp" time="0.000" classname="testNG.TestnG_TestAttributes"/>
  <testcase name="test2" time="0.000" classname="testNG.TestnG_TestAttributes"/>
  <testcase name="test4" time="0.305" classname="testNG.TestnG_TestAttributes"/>
  <testcase name="test5" time="0.000" classname="testNG.TestnG_TestAttributes"/>
</testsuite> <!-- testNG.TestnG_TestAttributes -->
