<?xml version="1.0" encoding="UTF-8"?>
<!-- Generated by org.testng.reporters.JUnitReportReporter -->
<testsuite hostname="Aidans-MacBook-Pro.local" name="testNG.TestnG_SoftAssert" tests="1" failures="0" timestamp="15 Apr 2018 18:06:26 GMT" time="0.006" errors="0">
  <testcase name="testAddNumber" time="0.006" classname="testNG.TestnG_SoftAssert"/>
</testsuite> <!-- testNG.TestnG_SoftAssert -->
