<?xml version="1.0" encoding="UTF-8"?>
<!-- Generated by org.testng.reporters.JUnitReportReporter -->
<testsuite hostname="Aidans-MacBook-Pro.local" name="testNG.TestnG_Priority" tests="3" failures="0" timestamp="15 Apr 2018 18:06:26 GMT" time="0.003" errors="0">
  <testcase name="test1" time="0.001" classname="testNG.TestnG_Priority"/>
  <testcase name="test3" time="0.001" classname="testNG.TestnG_Priority"/>
  <testcase name="test2" time="0.001" classname="testNG.TestnG_Priority"/>
</testsuite> <!-- testNG.TestnG_Priority -->
