<?xml version="1.0" encoding="UTF-8"?>
<!-- Generated by org.testng.reporters.JUnitReportReporter -->
<testsuite hostname="Aidans-MacBook-Pro.local" name="testNG.TestnG_Parallel2" tests="2" failures="0" timestamp="15 Apr 2018 17:39:04 GMT" time="12.007" errors="0">
  <testcase name="test1" time="6.005" classname="testNG.TestnG_Parallel2"/>
  <testcase name="test2" time="6.002" classname="testNG.TestnG_Parallel2"/>
</testsuite> <!-- testNG.TestnG_Parallel2 -->
